TN:
SF:script/joshDaoNFTDeployment.s.sol
FN:20,JoshDAONFTDeployment.run
FNDA:0,JoshDAONFTDeployment.run
DA:21,0
DA:22,0
DA:24,0
DA:26,0
DA:27,0
DA:28,0
DA:29,0
DA:31,0
DA:32,0
DA:35,0
DA:38,0
DA:40,0
BRDA:40,0,0,-
BRDA:40,0,1,-
DA:41,0
BRDA:41,1,0,-
BRDA:41,1,1,-
DA:42,0
BRDA:42,2,0,-
BRDA:42,2,1,-
DA:43,0
BRDA:43,3,0,-
BRDA:43,3,1,-
FNF:1
FNH:0
LF:15
LH:0
BRF:8
BRH:0
end_of_record
TN:
SF:src/ERC5192.sol
FN:9,ERC5192.lock
FNDA:1,ERC5192.lock
DA:10,1
DA:11,1
FN:14,ERC5192.unlock
FNDA:2,ERC5192.unlock
DA:15,2
DA:16,2
FNF:2
FNH:2
LF:4
LH:4
BRF:0
BRH:0
end_of_record
TN:
SF:src/GMJToken.sol
FN:9,GMJToken.mint
FNDA:2,GMJToken.mint
DA:10,2
FNF:1
FNH:1
LF:1
LH:1
BRF:0
BRH:0
end_of_record
TN:
SF:src/JoshDAONFT.sol
FN:47,JoshDAONFT.transferFrom
FNDA:4,JoshDAONFT.transferFrom
DA:48,4
BRDA:48,0,0,1
BRDA:48,0,1,3
DA:49,3
BRDA:49,1,0,1
BRDA:49,1,1,2
DA:50,2
FN:54,JoshDAONFT.burn
FNDA:2,JoshDAONFT.burn
DA:55,2
BRDA:55,2,0,1
BRDA:55,2,1,1
DA:56,1
DA:58,1
DA:59,1
DA:60,1
DA:62,1
FN:65,JoshDAONFT.batchMint
FNDA:2,JoshDAONFT.batchMint
DA:69,2
BRDA:69,3,0,1
BRDA:69,3,1,1
DA:70,1
DA:71,2
FN:76,JoshDAONFT.mint
FNDA:5,JoshDAONFT.mint
DA:77,7
BRDA:77,4,0,1
BRDA:77,4,1,6
DA:78,6
DA:79,6
DA:80,6
DA:81,6
DA:83,6
DA:85,6
FN:89,JoshDAONFT.tokenURI
FNDA:0,JoshDAONFT.tokenURI
DA:90,0
FN:94,JoshDAONFT.setTokenName
FNDA:2,JoshDAONFT.setTokenName
DA:95,2
BRDA:95,5,0,1
BRDA:95,5,1,1
DA:96,1
FN:100,JoshDAONFT.setMetadataHandler
FNDA:1,JoshDAONFT.setMetadataHandler
DA:101,1
DA:102,1
DA:103,1
FN:106,JoshDAONFT.setVerifier
FNDA:1,JoshDAONFT.setVerifier
DA:107,1
DA:108,1
DA:109,1
FN:113,JoshDAONFT.changeIdentifier
FNDA:1,JoshDAONFT.changeIdentifier
DA:114,1
FN:117,JoshDAONFT.setFee
FNDA:2,JoshDAONFT.setFee
DA:118,2
BRDA:118,6,0,1
BRDA:118,6,1,1
DA:119,1
DA:120,1
DA:121,1
FN:124,JoshDAONFT.setMinimumClaimDelay
FNDA:1,JoshDAONFT.setMinimumClaimDelay
DA:125,1
DA:126,1
DA:127,1
FN:130,JoshDAONFT.setEpochLength
FNDA:1,JoshDAONFT.setEpochLength
DA:131,1
DA:132,1
DA:133,1
FN:136,JoshDAONFT.claimGMJ
FNDA:2,JoshDAONFT.claimGMJ
DA:138,2
BRDA:138,7,0,1
BRDA:138,7,1,1
DA:140,1
DA:142,1
DA:143,1
DA:146,1
DA:147,1
DA:148,1
DA:151,1
DA:152,1
FNF:13
FNH:12
LF:48
LH:47
BRF:16
BRH:16
end_of_record
TN:
SF:src/JoshVerifier.sol
FN:10,JoshVerifier.addVerified
FNDA:6,JoshVerifier.addVerified
DA:11,6
FN:14,JoshVerifier.removeVerified
FNDA:1,JoshVerifier.removeVerified
DA:15,1
FN:18,JoshVerifier.batchModifyVerified
FNDA:2,JoshVerifier.batchModifyVerified
DA:19,2
BRDA:19,0,0,1
BRDA:19,0,1,1
DA:20,1
DA:21,2
FNF:3
FNH:3
LF:5
LH:5
BRF:2
BRH:2
end_of_record
TN:
SF:src/MetadataHandler.sol
FN:15,MetadataHandler.tokenURI
FNDA:0,MetadataHandler.tokenURI
DA:16,0
DA:17,0
DA:19,0
FN:22,MetadataHandler.setNFT
FNDA:0,MetadataHandler.setNFT
DA:23,0
BRDA:23,0,0,-
BRDA:23,0,1,-
DA:25,0
FNF:2
FNH:0
LF:5
LH:0
BRF:2
BRH:0
end_of_record
